<?xml version="1.0" encoding="UTF-8"?>
<testsuite xmlns:xsi="http://www.w3.org/2001/XMLSchema-instance" xsi:noNamespaceSchemaLocation="https://maven.apache.org/surefire/maven-surefire-plugin/xsd/surefire-test-report-3.0.xsd" version="3.0" name="Paytm_Electronics.MySpringBootApplicationTest" time="9.668" tests="1" errors="0" skipped="0" failures="0">
  <properties>
    <property name="sun.desktop" value="windows"/>
    <property name="awt.toolkit" value="sun.awt.windows.WToolkit"/>
    <property name="file.encoding.pkg" value="sun.io"/>
    <property name="java.specification.version" value="1.8"/>
    <property name="sun.cpu.isalist" value="amd64"/>
    <property name="sun.jnu.encoding" value="Cp1252"/>
    <property name="java.class.path" value="E:\Maven_Paytm_Project\Electronics\Electronics\target\test-classes;E:\Maven_Paytm_Project\Electronics\Electronics\target\classes;C:\Users\DELL\.m2\repository\org\springframework\boot\spring-boot-starter-web\2.4.5\spring-boot-starter-web-2.4.5.jar;C:\Users\DELL\.m2\repository\org\springframework\boot\spring-boot-starter\2.4.5\spring-boot-starter-2.4.5.jar;C:\Users\DELL\.m2\repository\org\springframework\boot\spring-boot\2.4.5\spring-boot-2.4.5.jar;C:\Users\DELL\.m2\repository\org\springframework\boot\spring-boot-autoconfigure\2.4.5\spring-boot-autoconfigure-2.4.5.jar;C:\Users\DELL\.m2\repository\org\springframework\boot\spring-boot-starter-logging\2.4.5\spring-boot-starter-logging-2.4.5.jar;C:\Users\DELL\.m2\repository\ch\qos\logback\logback-classic\1.2.3\logback-classic-1.2.3.jar;C:\Users\DELL\.m2\repository\ch\qos\logback\logback-core\1.2.3\logback-core-1.2.3.jar;C:\Users\DELL\.m2\repository\org\apache\logging\log4j\log4j-to-slf4j\2.13.3\log4j-to-slf4j-2.13.3.jar;C:\Users\DELL\.m2\repository\org\apache\logging\log4j\log4j-api\2.13.3\log4j-api-2.13.3.jar;C:\Users\DELL\.m2\repository\org\slf4j\jul-to-slf4j\1.7.30\jul-to-slf4j-1.7.30.jar;C:\Users\DELL\.m2\repository\jakarta\annotation\jakarta.annotation-api\1.3.5\jakarta.annotation-api-1.3.5.jar;C:\Users\DELL\.m2\repository\org\yaml\snakeyaml\1.27\snakeyaml-1.27.jar;C:\Users\DELL\.m2\repository\org\springframework\boot\spring-boot-starter-json\2.4.5\spring-boot-starter-json-2.4.5.jar;C:\Users\DELL\.m2\repository\com\fasterxml\jackson\core\jackson-databind\2.11.4\jackson-databind-2.11.4.jar;C:\Users\DELL\.m2\repository\com\fasterxml\jackson\core\jackson-annotations\2.11.4\jackson-annotations-2.11.4.jar;C:\Users\DELL\.m2\repository\com\fasterxml\jackson\core\jackson-core\2.11.4\jackson-core-2.11.4.jar;C:\Users\DELL\.m2\repository\com\fasterxml\jackson\datatype\jackson-datatype-jdk8\2.11.4\jackson-datatype-jdk8-2.11.4.jar;C:\Users\DELL\.m2\repository\com\fasterxml\jackson\datatype\jackson-datatype-jsr310\2.11.4\jackson-datatype-jsr310-2.11.4.jar;C:\Users\DELL\.m2\repository\com\fasterxml\jackson\module\jackson-module-parameter-names\2.11.4\jackson-module-parameter-names-2.11.4.jar;C:\Users\DELL\.m2\repository\org\springframework\spring-web\5.3.6\spring-web-5.3.6.jar;C:\Users\DELL\.m2\repository\org\springframework\spring-beans\5.3.6\spring-beans-5.3.6.jar;C:\Users\DELL\.m2\repository\org\springframework\spring-webmvc\5.3.6\spring-webmvc-5.3.6.jar;C:\Users\DELL\.m2\repository\org\springframework\spring-aop\5.3.6\spring-aop-5.3.6.jar;C:\Users\DELL\.m2\repository\org\springframework\spring-context\5.3.6\spring-context-5.3.6.jar;C:\Users\DELL\.m2\repository\org\springframework\spring-expression\5.3.6\spring-expression-5.3.6.jar;C:\Users\DELL\.m2\repository\org\springframework\boot\spring-boot-starter-undertow\2.4.5\spring-boot-starter-undertow-2.4.5.jar;C:\Users\DELL\.m2\repository\io\undertow\undertow-core\2.2.7.Final\undertow-core-2.2.7.Final.jar;C:\Users\DELL\.m2\repository\org\jboss\logging\jboss-logging\3.4.1.Final\jboss-logging-3.4.1.Final.jar;C:\Users\DELL\.m2\repository\org\jboss\xnio\xnio-api\3.8.0.Final\xnio-api-3.8.0.Final.jar;C:\Users\DELL\.m2\repository\org\wildfly\common\wildfly-common\1.5.2.Final\wildfly-common-1.5.2.Final.jar;C:\Users\DELL\.m2\repository\org\wildfly\client\wildfly-client-config\1.0.1.Final\wildfly-client-config-1.0.1.Final.jar;C:\Users\DELL\.m2\repository\org\jboss\xnio\xnio-nio\3.8.0.Final\xnio-nio-3.8.0.Final.jar;C:\Users\DELL\.m2\repository\org\jboss\threads\jboss-threads\3.1.0.Final\jboss-threads-3.1.0.Final.jar;C:\Users\DELL\.m2\repository\io\undertow\undertow-servlet\2.2.7.Final\undertow-servlet-2.2.7.Final.jar;C:\Users\DELL\.m2\repository\org\jboss\spec\javax\annotation\jboss-annotations-api_1.3_spec\2.0.1.Final\jboss-annotations-api_1.3_spec-2.0.1.Final.jar;C:\Users\DELL\.m2\repository\io\undertow\undertow-websockets-jsr\2.2.7.Final\undertow-websockets-jsr-2.2.7.Final.jar;C:\Users\DELL\.m2\repository\org\jboss\spec\javax\websocket\jboss-websocket-api_1.1_spec\2.0.0.Final\jboss-websocket-api_1.1_spec-2.0.0.Final.jar;C:\Users\DELL\.m2\repository\jakarta\servlet\jakarta.servlet-api\4.0.4\jakarta.servlet-api-4.0.4.jar;C:\Users\DELL\.m2\repository\org\glassfish\jakarta.el\3.0.3\jakarta.el-3.0.3.jar;C:\Users\DELL\.m2\repository\org\springframework\boot\spring-boot-starter-actuator\2.4.5\spring-boot-starter-actuator-2.4.5.jar;C:\Users\DELL\.m2\repository\org\springframework\boot\spring-boot-actuator-autoconfigure\2.4.5\spring-boot-actuator-autoconfigure-2.4.5.jar;C:\Users\DELL\.m2\repository\org\springframework\boot\spring-boot-actuator\2.4.5\spring-boot-actuator-2.4.5.jar;C:\Users\DELL\.m2\repository\io\micrometer\micrometer-core\1.6.6\micrometer-core-1.6.6.jar;C:\Users\DELL\.m2\repository\org\hdrhistogram\HdrHistogram\2.1.12\HdrHistogram-2.1.12.jar;C:\Users\DELL\.m2\repository\org\latencyutils\LatencyUtils\2.0.3\LatencyUtils-2.0.3.jar;C:\Users\DELL\.m2\repository\org\apache\camel\springboot\camel-spring-boot-starter\3.10.0\camel-spring-boot-starter-3.10.0.jar;C:\Users\DELL\.m2\repository\org\apache\camel\springboot\camel-spring-boot\3.10.0\camel-spring-boot-3.10.0.jar;C:\Users\DELL\.m2\repository\org\apache\camel\camel-spring\3.10.0\camel-spring-3.10.0.jar;C:\Users\DELL\.m2\repository\org\apache\camel\camel-management-api\3.10.0\camel-management-api-3.10.0.jar;C:\Users\DELL\.m2\repository\org\springframework\spring-tx\5.3.6\spring-tx-5.3.6.jar;C:\Users\DELL\.m2\repository\org\apache\camel\camel-spring-main\3.10.0\camel-spring-main-3.10.0.jar;C:\Users\DELL\.m2\repository\org\apache\camel\camel-main\3.10.0\camel-main-3.10.0.jar;C:\Users\DELL\.m2\repository\org\apache\camel\camel-base\3.10.0\camel-base-3.10.0.jar;C:\Users\DELL\.m2\repository\org\apache\camel\camel-xml-jaxb-dsl\3.10.0\camel-xml-jaxb-dsl-3.10.0.jar;C:\Users\DELL\.m2\repository\org\apache\camel\camel-core-model\3.10.0\camel-core-model-3.10.0.jar;C:\Users\DELL\.m2\repository\org\apache\camel\camel-core-processor\3.10.0\camel-core-processor-3.10.0.jar;C:\Users\DELL\.m2\repository\org\apache\camel\camel-dsl-support\3.10.0\camel-dsl-support-3.10.0.jar;C:\Users\DELL\.m2\repository\org\apache\camel\camel-endpointdsl\3.10.0\camel-endpointdsl-3.10.0.jar;C:\Users\DELL\.m2\repository\org\apache\camel\camel-cloud\3.10.0\camel-cloud-3.10.0.jar;C:\Users\DELL\.m2\repository\org\apache\camel\camel-cluster\3.10.0\camel-cluster-3.10.0.jar;C:\Users\DELL\.m2\repository\org\apache\camel\camel-base-engine\3.10.0\camel-base-engine-3.10.0.jar;C:\Users\DELL\.m2\repository\org\apache\camel\camel-health\3.10.0\camel-health-3.10.0.jar;C:\Users\DELL\.m2\repository\org\apache\camel\springboot\camel-core-starter\3.10.0\camel-core-starter-3.10.0.jar;C:\Users\DELL\.m2\repository\org\apache\camel\camel-core-engine\3.10.0\camel-core-engine-3.10.0.jar;C:\Users\DELL\.m2\repository\org\apache\camel\camel-api\3.10.0\camel-api-3.10.0.jar;C:\Users\DELL\.m2\repository\org\apache\camel\camel-core-reifier\3.10.0\camel-core-reifier-3.10.0.jar;C:\Users\DELL\.m2\repository\org\apache\camel\camel-util\3.10.0\camel-util-3.10.0.jar;C:\Users\DELL\.m2\repository\org\apache\camel\springboot\camel-bean-starter\3.10.0\camel-bean-starter-3.10.0.jar;C:\Users\DELL\.m2\repository\org\apache\camel\camel-bean\3.10.0\camel-bean-3.10.0.jar;C:\Users\DELL\.m2\repository\org\apache\camel\springboot\camel-browse-starter\3.10.0\camel-browse-starter-3.10.0.jar;C:\Users\DELL\.m2\repository\org\apache\camel\camel-browse\3.10.0\camel-browse-3.10.0.jar;C:\Users\DELL\.m2\repository\org\apache\camel\springboot\camel-controlbus-starter\3.10.0\camel-controlbus-starter-3.10.0.jar;C:\Users\DELL\.m2\repository\org\apache\camel\camel-controlbus\3.10.0\camel-controlbus-3.10.0.jar;C:\Users\DELL\.m2\repository\org\apache\camel\springboot\camel-dataformat-starter\3.10.0\camel-dataformat-starter-3.10.0.jar;C:\Users\DELL\.m2\repository\org\apache\camel\camel-dataformat\3.10.0\camel-dataformat-3.10.0.jar;C:\Users\DELL\.m2\repository\org\apache\camel\springboot\camel-dataset-starter\3.10.0\camel-dataset-starter-3.10.0.jar;C:\Users\DELL\.m2\repository\org\apache\camel\camel-dataset\3.10.0\camel-dataset-3.10.0.jar;C:\Users\DELL\.m2\repository\org\apache\camel\springboot\camel-direct-starter\3.10.0\camel-direct-starter-3.10.0.jar;C:\Users\DELL\.m2\repository\org\apache\camel\camel-direct\3.10.0\camel-direct-3.10.0.jar;C:\Users\DELL\.m2\repository\org\apache\camel\springboot\camel-directvm-starter\3.10.0\camel-directvm-starter-3.10.0.jar;C:\Users\DELL\.m2\repository\org\apache\camel\camel-directvm\3.10.0\camel-directvm-3.10.0.jar;C:\Users\DELL\.m2\repository\org\apache\camel\springboot\camel-file-starter\3.10.0\camel-file-starter-3.10.0.jar;C:\Users\DELL\.m2\repository\org\apache\camel\camel-file\3.10.0\camel-file-3.10.0.jar;C:\Users\DELL\.m2\repository\org\apache\camel\springboot\camel-language-starter\3.10.0\camel-language-starter-3.10.0.jar;C:\Users\DELL\.m2\repository\org\apache\camel\camel-language\3.10.0\camel-language-3.10.0.jar;C:\Users\DELL\.m2\repository\org\apache\camel\springboot\camel-log-starter\3.10.0\camel-log-starter-3.10.0.jar;C:\Users\DELL\.m2\repository\org\apache\camel\camel-log\3.10.0\camel-log-3.10.0.jar;C:\Users\DELL\.m2\repository\org\apache\camel\springboot\camel-mock-starter\3.10.0\camel-mock-starter-3.10.0.jar;C:\Users\DELL\.m2\repository\org\apache\camel\camel-mock\3.10.0\camel-mock-3.10.0.jar;C:\Users\DELL\.m2\repository\org\apache\camel\springboot\camel-ref-starter\3.10.0\camel-ref-starter-3.10.0.jar;C:\Users\DELL\.m2\repository\org\apache\camel\camel-ref\3.10.0\camel-ref-3.10.0.jar;C:\Users\DELL\.m2\repository\org\apache\camel\springboot\camel-rest-starter\3.10.0\camel-rest-starter-3.10.0.jar;C:\Users\DELL\.m2\repository\org\apache\camel\camel-rest\3.10.0\camel-rest-3.10.0.jar;C:\Users\DELL\.m2\repository\org\apache\camel\camel-tooling-model\3.10.0\camel-tooling-model-3.10.0.jar;C:\Users\DELL\.m2\repository\org\apache\camel\camel-util-json\3.10.0\camel-util-json-3.10.0.jar;C:\Users\DELL\.m2\repository\org\apache\camel\springboot\camel-saga-starter\3.10.0\camel-saga-starter-3.10.0.jar;C:\Users\DELL\.m2\repository\org\apache\camel\camel-saga\3.10.0\camel-saga-3.10.0.jar;C:\Users\DELL\.m2\repository\org\apache\camel\springboot\camel-scheduler-starter\3.10.0\camel-scheduler-starter-3.10.0.jar;C:\Users\DELL\.m2\repository\org\apache\camel\camel-scheduler\3.10.0\camel-scheduler-3.10.0.jar;C:\Users\DELL\.m2\repository\org\apache\camel\springboot\camel-seda-starter\3.10.0\camel-seda-starter-3.10.0.jar;C:\Users\DELL\.m2\repository\org\apache\camel\camel-seda\3.10.0\camel-seda-3.10.0.jar;C:\Users\DELL\.m2\repository\org\apache\camel\springboot\camel-stub-starter\3.10.0\camel-stub-starter-3.10.0.jar;C:\Users\DELL\.m2\repository\org\apache\camel\camel-stub\3.10.0\camel-stub-3.10.0.jar;C:\Users\DELL\.m2\repository\org\apache\camel\springboot\camel-timer-starter\3.10.0\camel-timer-starter-3.10.0.jar;C:\Users\DELL\.m2\repository\org\apache\camel\camel-timer\3.10.0\camel-timer-3.10.0.jar;C:\Users\DELL\.m2\repository\org\apache\camel\springboot\camel-validator-starter\3.10.0\camel-validator-starter-3.10.0.jar;C:\Users\DELL\.m2\repository\org\apache\camel\camel-validator\3.10.0\camel-validator-3.10.0.jar;C:\Users\DELL\.m2\repository\org\apache\camel\springboot\camel-vm-starter\3.10.0\camel-vm-starter-3.10.0.jar;C:\Users\DELL\.m2\repository\org\apache\camel\camel-vm\3.10.0\camel-vm-3.10.0.jar;C:\Users\DELL\.m2\repository\org\apache\camel\springboot\camel-xpath-starter\3.10.0\camel-xpath-starter-3.10.0.jar;C:\Users\DELL\.m2\repository\org\apache\camel\camel-xpath\3.10.0\camel-xpath-3.10.0.jar;C:\Users\DELL\.m2\repository\org\apache\camel\springboot\camel-xslt-starter\3.10.0\camel-xslt-starter-3.10.0.jar;C:\Users\DELL\.m2\repository\org\apache\camel\camel-xslt\3.10.0\camel-xslt-3.10.0.jar;C:\Users\DELL\.m2\repository\org\apache\camel\springboot\camel-xml-jaxp-starter\3.10.0\camel-xml-jaxp-starter-3.10.0.jar;C:\Users\DELL\.m2\repository\org\apache\camel\camel-xml-jaxp\3.10.0\camel-xml-jaxp-3.10.0.jar;C:\Users\DELL\.m2\repository\org\apache\camel\camel-xml-io-util\3.10.0\camel-xml-io-util-3.10.0.jar;C:\Users\DELL\.m2\repository\org\apache\camel\springboot\camel-stream-starter\3.10.0\camel-stream-starter-3.10.0.jar;C:\Users\DELL\.m2\repository\org\apache\camel\camel-stream\3.10.0\camel-stream-3.10.0.jar;C:\Users\DELL\.m2\repository\org\apache\camel\camel-support\3.10.0\camel-support-3.10.0.jar;C:\Users\DELL\.m2\repository\org\springframework\boot\spring-boot-starter-test\2.4.5\spring-boot-starter-test-2.4.5.jar;C:\Users\DELL\.m2\repository\org\springframework\boot\spring-boot-test\2.4.5\spring-boot-test-2.4.5.jar;C:\Users\DELL\.m2\repository\org\springframework\boot\spring-boot-test-autoconfigure\2.4.5\spring-boot-test-autoconfigure-2.4.5.jar;C:\Users\DELL\.m2\repository\com\jayway\jsonpath\json-path\2.4.0\json-path-2.4.0.jar;C:\Users\DELL\.m2\repository\net\minidev\json-smart\2.3\json-smart-2.3.jar;C:\Users\DELL\.m2\repository\net\minidev\accessors-smart\1.2\accessors-smart-1.2.jar;C:\Users\DELL\.m2\repository\org\ow2\asm\asm\5.0.4\asm-5.0.4.jar;C:\Users\DELL\.m2\repository\org\slf4j\slf4j-api\1.7.30\slf4j-api-1.7.30.jar;C:\Users\DELL\.m2\repository\jakarta\xml\bind\jakarta.xml.bind-api\2.3.3\jakarta.xml.bind-api-2.3.3.jar;C:\Users\DELL\.m2\repository\jakarta\activation\jakarta.activation-api\1.2.2\jakarta.activation-api-1.2.2.jar;C:\Users\DELL\.m2\repository\org\assertj\assertj-core\3.18.1\assertj-core-3.18.1.jar;C:\Users\DELL\.m2\repository\org\hamcrest\hamcrest\2.2\hamcrest-2.2.jar;C:\Users\DELL\.m2\repository\org\junit\jupiter\junit-jupiter\5.7.1\junit-jupiter-5.7.1.jar;C:\Users\DELL\.m2\repository\org\junit\jupiter\junit-jupiter-api\5.7.1\junit-jupiter-api-5.7.1.jar;C:\Users\DELL\.m2\repository\org\apiguardian\apiguardian-api\1.1.0\apiguardian-api-1.1.0.jar;C:\Users\DELL\.m2\repository\org\opentest4j\opentest4j\1.2.0\opentest4j-1.2.0.jar;C:\Users\DELL\.m2\repository\org\junit\platform\junit-platform-commons\1.7.1\junit-platform-commons-1.7.1.jar;C:\Users\DELL\.m2\repository\org\junit\jupiter\junit-jupiter-params\5.7.1\junit-jupiter-params-5.7.1.jar;C:\Users\DELL\.m2\repository\org\junit\jupiter\junit-jupiter-engine\5.7.1\junit-jupiter-engine-5.7.1.jar;C:\Users\DELL\.m2\repository\org\junit\platform\junit-platform-engine\1.7.1\junit-platform-engine-1.7.1.jar;C:\Users\DELL\.m2\repository\org\mockito\mockito-core\3.6.28\mockito-core-3.6.28.jar;C:\Users\DELL\.m2\repository\net\bytebuddy\byte-buddy\1.10.22\byte-buddy-1.10.22.jar;C:\Users\DELL\.m2\repository\net\bytebuddy\byte-buddy-agent\1.10.22\byte-buddy-agent-1.10.22.jar;C:\Users\DELL\.m2\repository\org\objenesis\objenesis\3.1\objenesis-3.1.jar;C:\Users\DELL\.m2\repository\org\mockito\mockito-junit-jupiter\3.6.28\mockito-junit-jupiter-3.6.28.jar;C:\Users\DELL\.m2\repository\org\skyscreamer\jsonassert\1.5.0\jsonassert-1.5.0.jar;C:\Users\DELL\.m2\repository\com\vaadin\external\google\android-json\0.0.20131108.vaadin1\android-json-0.0.20131108.vaadin1.jar;C:\Users\DELL\.m2\repository\org\springframework\spring-core\5.3.6\spring-core-5.3.6.jar;C:\Users\DELL\.m2\repository\org\springframework\spring-jcl\5.3.6\spring-jcl-5.3.6.jar;C:\Users\DELL\.m2\repository\org\springframework\spring-test\5.3.6\spring-test-5.3.6.jar;C:\Users\DELL\.m2\repository\org\xmlunit\xmlunit-core\2.7.0\xmlunit-core-2.7.0.jar;C:\Users\DELL\.m2\repository\org\apache\camel\camel-test-spring-junit5\3.10.0\camel-test-spring-junit5-3.10.0.jar;C:\Users\DELL\.m2\repository\org\apache\camel\camel-test-junit5\3.10.0\camel-test-junit5-3.10.0.jar;C:\Users\DELL\.m2\repository\org\apache\camel\camel-core-languages\3.10.0\camel-core-languages-3.10.0.jar;C:\Users\DELL\.m2\repository\org\apache\camel\camel-spring-xml\3.10.0\camel-spring-xml-3.10.0.jar;C:\Users\DELL\.m2\repository\org\apache\camel\camel-xml-jaxb\3.10.0\camel-xml-jaxb-3.10.0.jar;C:\Users\DELL\.m2\repository\com\sun\xml\bind\jaxb-core\2.3.0\jaxb-core-2.3.0.jar;C:\Users\DELL\.m2\repository\com\sun\xml\bind\jaxb-impl\2.3.3\jaxb-impl-2.3.3.jar;C:\Users\DELL\.m2\repository\com\sun\activation\jakarta.activation\1.2.2\jakarta.activation-1.2.2.jar;C:\Users\DELL\.m2\repository\org\apache\camel\camel-core-xml\3.10.0\camel-core-xml-3.10.0.jar;"/>
    <property name="java.vm.vendor" value="Oracle Corporation"/>
    <property name="sun.arch.data.model" value="64"/>
    <property name="user.variant" value=""/>
    <property name="java.vendor.url" value="http://java.oracle.com/"/>
    <property name="user.timezone" value="Asia/Calcutta"/>
    <property name="java.vm.specification.version" value="1.8"/>
    <property name="os.name" value="Windows 7"/>
    <property name="user.country" value="IN"/>
    <property name="sun.java.launcher" value="SUN_STANDARD"/>
    <property name="sun.boot.library.path" value="C:\Program Files\Java\jdk1.8.0_291\jre\bin"/>
    <property name="sun.java.command" value="C:\Users\DELL\AppData\Local\Temp\surefire4425234949286264378\surefirebooter1074533870234911136.jar C:\Users\DELL\AppData\Local\Temp\surefire4425234949286264378 2021-06-15T22-20-27_934-jvmRun1 surefire5778977202655850471tmp surefire_06585854415255079282tmp"/>
    <property name="surefire.test.class.path" value="E:\Maven_Paytm_Project\Electronics\Electronics\target\test-classes;E:\Maven_Paytm_Project\Electronics\Electronics\target\classes;C:\Users\DELL\.m2\repository\org\springframework\boot\spring-boot-starter-web\2.4.5\spring-boot-starter-web-2.4.5.jar;C:\Users\DELL\.m2\repository\org\springframework\boot\spring-boot-starter\2.4.5\spring-boot-starter-2.4.5.jar;C:\Users\DELL\.m2\repository\org\springframework\boot\spring-boot\2.4.5\spring-boot-2.4.5.jar;C:\Users\DELL\.m2\repository\org\springframework\boot\spring-boot-autoconfigure\2.4.5\spring-boot-autoconfigure-2.4.5.jar;C:\Users\DELL\.m2\repository\org\springframework\boot\spring-boot-starter-logging\2.4.5\spring-boot-starter-logging-2.4.5.jar;C:\Users\DELL\.m2\repository\ch\qos\logback\logback-classic\1.2.3\logback-classic-1.2.3.jar;C:\Users\DELL\.m2\repository\ch\qos\logback\logback-core\1.2.3\logback-core-1.2.3.jar;C:\Users\DELL\.m2\repository\org\apache\logging\log4j\log4j-to-slf4j\2.13.3\log4j-to-slf4j-2.13.3.jar;C:\Users\DELL\.m2\repository\org\apache\logging\log4j\log4j-api\2.13.3\log4j-api-2.13.3.jar;C:\Users\DELL\.m2\repository\org\slf4j\jul-to-slf4j\1.7.30\jul-to-slf4j-1.7.30.jar;C:\Users\DELL\.m2\repository\jakarta\annotation\jakarta.annotation-api\1.3.5\jakarta.annotation-api-1.3.5.jar;C:\Users\DELL\.m2\repository\org\yaml\snakeyaml\1.27\snakeyaml-1.27.jar;C:\Users\DELL\.m2\repository\org\springframework\boot\spring-boot-starter-json\2.4.5\spring-boot-starter-json-2.4.5.jar;C:\Users\DELL\.m2\repository\com\fasterxml\jackson\core\jackson-databind\2.11.4\jackson-databind-2.11.4.jar;C:\Users\DELL\.m2\repository\com\fasterxml\jackson\core\jackson-annotations\2.11.4\jackson-annotations-2.11.4.jar;C:\Users\DELL\.m2\repository\com\fasterxml\jackson\core\jackson-core\2.11.4\jackson-core-2.11.4.jar;C:\Users\DELL\.m2\repository\com\fasterxml\jackson\datatype\jackson-datatype-jdk8\2.11.4\jackson-datatype-jdk8-2.11.4.jar;C:\Users\DELL\.m2\repository\com\fasterxml\jackson\datatype\jackson-datatype-jsr310\2.11.4\jackson-datatype-jsr310-2.11.4.jar;C:\Users\DELL\.m2\repository\com\fasterxml\jackson\module\jackson-module-parameter-names\2.11.4\jackson-module-parameter-names-2.11.4.jar;C:\Users\DELL\.m2\repository\org\springframework\spring-web\5.3.6\spring-web-5.3.6.jar;C:\Users\DELL\.m2\repository\org\springframework\spring-beans\5.3.6\spring-beans-5.3.6.jar;C:\Users\DELL\.m2\repository\org\springframework\spring-webmvc\5.3.6\spring-webmvc-5.3.6.jar;C:\Users\DELL\.m2\repository\org\springframework\spring-aop\5.3.6\spring-aop-5.3.6.jar;C:\Users\DELL\.m2\repository\org\springframework\spring-context\5.3.6\spring-context-5.3.6.jar;C:\Users\DELL\.m2\repository\org\springframework\spring-expression\5.3.6\spring-expression-5.3.6.jar;C:\Users\DELL\.m2\repository\org\springframework\boot\spring-boot-starter-undertow\2.4.5\spring-boot-starter-undertow-2.4.5.jar;C:\Users\DELL\.m2\repository\io\undertow\undertow-core\2.2.7.Final\undertow-core-2.2.7.Final.jar;C:\Users\DELL\.m2\repository\org\jboss\logging\jboss-logging\3.4.1.Final\jboss-logging-3.4.1.Final.jar;C:\Users\DELL\.m2\repository\org\jboss\xnio\xnio-api\3.8.0.Final\xnio-api-3.8.0.Final.jar;C:\Users\DELL\.m2\repository\org\wildfly\common\wildfly-common\1.5.2.Final\wildfly-common-1.5.2.Final.jar;C:\Users\DELL\.m2\repository\org\wildfly\client\wildfly-client-config\1.0.1.Final\wildfly-client-config-1.0.1.Final.jar;C:\Users\DELL\.m2\repository\org\jboss\xnio\xnio-nio\3.8.0.Final\xnio-nio-3.8.0.Final.jar;C:\Users\DELL\.m2\repository\org\jboss\threads\jboss-threads\3.1.0.Final\jboss-threads-3.1.0.Final.jar;C:\Users\DELL\.m2\repository\io\undertow\undertow-servlet\2.2.7.Final\undertow-servlet-2.2.7.Final.jar;C:\Users\DELL\.m2\repository\org\jboss\spec\javax\annotation\jboss-annotations-api_1.3_spec\2.0.1.Final\jboss-annotations-api_1.3_spec-2.0.1.Final.jar;C:\Users\DELL\.m2\repository\io\undertow\undertow-websockets-jsr\2.2.7.Final\undertow-websockets-jsr-2.2.7.Final.jar;C:\Users\DELL\.m2\repository\org\jboss\spec\javax\websocket\jboss-websocket-api_1.1_spec\2.0.0.Final\jboss-websocket-api_1.1_spec-2.0.0.Final.jar;C:\Users\DELL\.m2\repository\jakarta\servlet\jakarta.servlet-api\4.0.4\jakarta.servlet-api-4.0.4.jar;C:\Users\DELL\.m2\repository\org\glassfish\jakarta.el\3.0.3\jakarta.el-3.0.3.jar;C:\Users\DELL\.m2\repository\org\springframework\boot\spring-boot-starter-actuator\2.4.5\spring-boot-starter-actuator-2.4.5.jar;C:\Users\DELL\.m2\repository\org\springframework\boot\spring-boot-actuator-autoconfigure\2.4.5\spring-boot-actuator-autoconfigure-2.4.5.jar;C:\Users\DELL\.m2\repository\org\springframework\boot\spring-boot-actuator\2.4.5\spring-boot-actuator-2.4.5.jar;C:\Users\DELL\.m2\repository\io\micrometer\micrometer-core\1.6.6\micrometer-core-1.6.6.jar;C:\Users\DELL\.m2\repository\org\hdrhistogram\HdrHistogram\2.1.12\HdrHistogram-2.1.12.jar;C:\Users\DELL\.m2\repository\org\latencyutils\LatencyUtils\2.0.3\LatencyUtils-2.0.3.jar;C:\Users\DELL\.m2\repository\org\apache\camel\springboot\camel-spring-boot-starter\3.10.0\camel-spring-boot-starter-3.10.0.jar;C:\Users\DELL\.m2\repository\org\apache\camel\springboot\camel-spring-boot\3.10.0\camel-spring-boot-3.10.0.jar;C:\Users\DELL\.m2\repository\org\apache\camel\camel-spring\3.10.0\camel-spring-3.10.0.jar;C:\Users\DELL\.m2\repository\org\apache\camel\camel-management-api\3.10.0\camel-management-api-3.10.0.jar;C:\Users\DELL\.m2\repository\org\springframework\spring-tx\5.3.6\spring-tx-5.3.6.jar;C:\Users\DELL\.m2\repository\org\apache\camel\camel-spring-main\3.10.0\camel-spring-main-3.10.0.jar;C:\Users\DELL\.m2\repository\org\apache\camel\camel-main\3.10.0\camel-main-3.10.0.jar;C:\Users\DELL\.m2\repository\org\apache\camel\camel-base\3.10.0\camel-base-3.10.0.jar;C:\Users\DELL\.m2\repository\org\apache\camel\camel-xml-jaxb-dsl\3.10.0\camel-xml-jaxb-dsl-3.10.0.jar;C:\Users\DELL\.m2\repository\org\apache\camel\camel-core-model\3.10.0\camel-core-model-3.10.0.jar;C:\Users\DELL\.m2\repository\org\apache\camel\camel-core-processor\3.10.0\camel-core-processor-3.10.0.jar;C:\Users\DELL\.m2\repository\org\apache\camel\camel-dsl-support\3.10.0\camel-dsl-support-3.10.0.jar;C:\Users\DELL\.m2\repository\org\apache\camel\camel-endpointdsl\3.10.0\camel-endpointdsl-3.10.0.jar;C:\Users\DELL\.m2\repository\org\apache\camel\camel-cloud\3.10.0\camel-cloud-3.10.0.jar;C:\Users\DELL\.m2\repository\org\apache\camel\camel-cluster\3.10.0\camel-cluster-3.10.0.jar;C:\Users\DELL\.m2\repository\org\apache\camel\camel-base-engine\3.10.0\camel-base-engine-3.10.0.jar;C:\Users\DELL\.m2\repository\org\apache\camel\camel-health\3.10.0\camel-health-3.10.0.jar;C:\Users\DELL\.m2\repository\org\apache\camel\springboot\camel-core-starter\3.10.0\camel-core-starter-3.10.0.jar;C:\Users\DELL\.m2\repository\org\apache\camel\camel-core-engine\3.10.0\camel-core-engine-3.10.0.jar;C:\Users\DELL\.m2\repository\org\apache\camel\camel-api\3.10.0\camel-api-3.10.0.jar;C:\Users\DELL\.m2\repository\org\apache\camel\camel-core-reifier\3.10.0\camel-core-reifier-3.10.0.jar;C:\Users\DELL\.m2\repository\org\apache\camel\camel-util\3.10.0\camel-util-3.10.0.jar;C:\Users\DELL\.m2\repository\org\apache\camel\springboot\camel-bean-starter\3.10.0\camel-bean-starter-3.10.0.jar;C:\Users\DELL\.m2\repository\org\apache\camel\camel-bean\3.10.0\camel-bean-3.10.0.jar;C:\Users\DELL\.m2\repository\org\apache\camel\springboot\camel-browse-starter\3.10.0\camel-browse-starter-3.10.0.jar;C:\Users\DELL\.m2\repository\org\apache\camel\camel-browse\3.10.0\camel-browse-3.10.0.jar;C:\Users\DELL\.m2\repository\org\apache\camel\springboot\camel-controlbus-starter\3.10.0\camel-controlbus-starter-3.10.0.jar;C:\Users\DELL\.m2\repository\org\apache\camel\camel-controlbus\3.10.0\camel-controlbus-3.10.0.jar;C:\Users\DELL\.m2\repository\org\apache\camel\springboot\camel-dataformat-starter\3.10.0\camel-dataformat-starter-3.10.0.jar;C:\Users\DELL\.m2\repository\org\apache\camel\camel-dataformat\3.10.0\camel-dataformat-3.10.0.jar;C:\Users\DELL\.m2\repository\org\apache\camel\springboot\camel-dataset-starter\3.10.0\camel-dataset-starter-3.10.0.jar;C:\Users\DELL\.m2\repository\org\apache\camel\camel-dataset\3.10.0\camel-dataset-3.10.0.jar;C:\Users\DELL\.m2\repository\org\apache\camel\springboot\camel-direct-starter\3.10.0\camel-direct-starter-3.10.0.jar;C:\Users\DELL\.m2\repository\org\apache\camel\camel-direct\3.10.0\camel-direct-3.10.0.jar;C:\Users\DELL\.m2\repository\org\apache\camel\springboot\camel-directvm-starter\3.10.0\camel-directvm-starter-3.10.0.jar;C:\Users\DELL\.m2\repository\org\apache\camel\camel-directvm\3.10.0\camel-directvm-3.10.0.jar;C:\Users\DELL\.m2\repository\org\apache\camel\springboot\camel-file-starter\3.10.0\camel-file-starter-3.10.0.jar;C:\Users\DELL\.m2\repository\org\apache\camel\camel-file\3.10.0\camel-file-3.10.0.jar;C:\Users\DELL\.m2\repository\org\apache\camel\springboot\camel-language-starter\3.10.0\camel-language-starter-3.10.0.jar;C:\Users\DELL\.m2\repository\org\apache\camel\camel-language\3.10.0\camel-language-3.10.0.jar;C:\Users\DELL\.m2\repository\org\apache\camel\springboot\camel-log-starter\3.10.0\camel-log-starter-3.10.0.jar;C:\Users\DELL\.m2\repository\org\apache\camel\camel-log\3.10.0\camel-log-3.10.0.jar;C:\Users\DELL\.m2\repository\org\apache\camel\springboot\camel-mock-starter\3.10.0\camel-mock-starter-3.10.0.jar;C:\Users\DELL\.m2\repository\org\apache\camel\camel-mock\3.10.0\camel-mock-3.10.0.jar;C:\Users\DELL\.m2\repository\org\apache\camel\springboot\camel-ref-starter\3.10.0\camel-ref-starter-3.10.0.jar;C:\Users\DELL\.m2\repository\org\apache\camel\camel-ref\3.10.0\camel-ref-3.10.0.jar;C:\Users\DELL\.m2\repository\org\apache\camel\springboot\camel-rest-starter\3.10.0\camel-rest-starter-3.10.0.jar;C:\Users\DELL\.m2\repository\org\apache\camel\camel-rest\3.10.0\camel-rest-3.10.0.jar;C:\Users\DELL\.m2\repository\org\apache\camel\camel-tooling-model\3.10.0\camel-tooling-model-3.10.0.jar;C:\Users\DELL\.m2\repository\org\apache\camel\camel-util-json\3.10.0\camel-util-json-3.10.0.jar;C:\Users\DELL\.m2\repository\org\apache\camel\springboot\camel-saga-starter\3.10.0\camel-saga-starter-3.10.0.jar;C:\Users\DELL\.m2\repository\org\apache\camel\camel-saga\3.10.0\camel-saga-3.10.0.jar;C:\Users\DELL\.m2\repository\org\apache\camel\springboot\camel-scheduler-starter\3.10.0\camel-scheduler-starter-3.10.0.jar;C:\Users\DELL\.m2\repository\org\apache\camel\camel-scheduler\3.10.0\camel-scheduler-3.10.0.jar;C:\Users\DELL\.m2\repository\org\apache\camel\springboot\camel-seda-starter\3.10.0\camel-seda-starter-3.10.0.jar;C:\Users\DELL\.m2\repository\org\apache\camel\camel-seda\3.10.0\camel-seda-3.10.0.jar;C:\Users\DELL\.m2\repository\org\apache\camel\springboot\camel-stub-starter\3.10.0\camel-stub-starter-3.10.0.jar;C:\Users\DELL\.m2\repository\org\apache\camel\camel-stub\3.10.0\camel-stub-3.10.0.jar;C:\Users\DELL\.m2\repository\org\apache\camel\springboot\camel-timer-starter\3.10.0\camel-timer-starter-3.10.0.jar;C:\Users\DELL\.m2\repository\org\apache\camel\camel-timer\3.10.0\camel-timer-3.10.0.jar;C:\Users\DELL\.m2\repository\org\apache\camel\springboot\camel-validator-starter\3.10.0\camel-validator-starter-3.10.0.jar;C:\Users\DELL\.m2\repository\org\apache\camel\camel-validator\3.10.0\camel-validator-3.10.0.jar;C:\Users\DELL\.m2\repository\org\apache\camel\springboot\camel-vm-starter\3.10.0\camel-vm-starter-3.10.0.jar;C:\Users\DELL\.m2\repository\org\apache\camel\camel-vm\3.10.0\camel-vm-3.10.0.jar;C:\Users\DELL\.m2\repository\org\apache\camel\springboot\camel-xpath-starter\3.10.0\camel-xpath-starter-3.10.0.jar;C:\Users\DELL\.m2\repository\org\apache\camel\camel-xpath\3.10.0\camel-xpath-3.10.0.jar;C:\Users\DELL\.m2\repository\org\apache\camel\springboot\camel-xslt-starter\3.10.0\camel-xslt-starter-3.10.0.jar;C:\Users\DELL\.m2\repository\org\apache\camel\camel-xslt\3.10.0\camel-xslt-3.10.0.jar;C:\Users\DELL\.m2\repository\org\apache\camel\springboot\camel-xml-jaxp-starter\3.10.0\camel-xml-jaxp-starter-3.10.0.jar;C:\Users\DELL\.m2\repository\org\apache\camel\camel-xml-jaxp\3.10.0\camel-xml-jaxp-3.10.0.jar;C:\Users\DELL\.m2\repository\org\apache\camel\camel-xml-io-util\3.10.0\camel-xml-io-util-3.10.0.jar;C:\Users\DELL\.m2\repository\org\apache\camel\springboot\camel-stream-starter\3.10.0\camel-stream-starter-3.10.0.jar;C:\Users\DELL\.m2\repository\org\apache\camel\camel-stream\3.10.0\camel-stream-3.10.0.jar;C:\Users\DELL\.m2\repository\org\apache\camel\camel-support\3.10.0\camel-support-3.10.0.jar;C:\Users\DELL\.m2\repository\org\springframework\boot\spring-boot-starter-test\2.4.5\spring-boot-starter-test-2.4.5.jar;C:\Users\DELL\.m2\repository\org\springframework\boot\spring-boot-test\2.4.5\spring-boot-test-2.4.5.jar;C:\Users\DELL\.m2\repository\org\springframework\boot\spring-boot-test-autoconfigure\2.4.5\spring-boot-test-autoconfigure-2.4.5.jar;C:\Users\DELL\.m2\repository\com\jayway\jsonpath\json-path\2.4.0\json-path-2.4.0.jar;C:\Users\DELL\.m2\repository\net\minidev\json-smart\2.3\json-smart-2.3.jar;C:\Users\DELL\.m2\repository\net\minidev\accessors-smart\1.2\accessors-smart-1.2.jar;C:\Users\DELL\.m2\repository\org\ow2\asm\asm\5.0.4\asm-5.0.4.jar;C:\Users\DELL\.m2\repository\org\slf4j\slf4j-api\1.7.30\slf4j-api-1.7.30.jar;C:\Users\DELL\.m2\repository\jakarta\xml\bind\jakarta.xml.bind-api\2.3.3\jakarta.xml.bind-api-2.3.3.jar;C:\Users\DELL\.m2\repository\jakarta\activation\jakarta.activation-api\1.2.2\jakarta.activation-api-1.2.2.jar;C:\Users\DELL\.m2\repository\org\assertj\assertj-core\3.18.1\assertj-core-3.18.1.jar;C:\Users\DELL\.m2\repository\org\hamcrest\hamcrest\2.2\hamcrest-2.2.jar;C:\Users\DELL\.m2\repository\org\junit\jupiter\junit-jupiter\5.7.1\junit-jupiter-5.7.1.jar;C:\Users\DELL\.m2\repository\org\junit\jupiter\junit-jupiter-api\5.7.1\junit-jupiter-api-5.7.1.jar;C:\Users\DELL\.m2\repository\org\apiguardian\apiguardian-api\1.1.0\apiguardian-api-1.1.0.jar;C:\Users\DELL\.m2\repository\org\opentest4j\opentest4j\1.2.0\opentest4j-1.2.0.jar;C:\Users\DELL\.m2\repository\org\junit\platform\junit-platform-commons\1.7.1\junit-platform-commons-1.7.1.jar;C:\Users\DELL\.m2\repository\org\junit\jupiter\junit-jupiter-params\5.7.1\junit-jupiter-params-5.7.1.jar;C:\Users\DELL\.m2\repository\org\junit\jupiter\junit-jupiter-engine\5.7.1\junit-jupiter-engine-5.7.1.jar;C:\Users\DELL\.m2\repository\org\junit\platform\junit-platform-engine\1.7.1\junit-platform-engine-1.7.1.jar;C:\Users\DELL\.m2\repository\org\mockito\mockito-core\3.6.28\mockito-core-3.6.28.jar;C:\Users\DELL\.m2\repository\net\bytebuddy\byte-buddy\1.10.22\byte-buddy-1.10.22.jar;C:\Users\DELL\.m2\repository\net\bytebuddy\byte-buddy-agent\1.10.22\byte-buddy-agent-1.10.22.jar;C:\Users\DELL\.m2\repository\org\objenesis\objenesis\3.1\objenesis-3.1.jar;C:\Users\DELL\.m2\repository\org\mockito\mockito-junit-jupiter\3.6.28\mockito-junit-jupiter-3.6.28.jar;C:\Users\DELL\.m2\repository\org\skyscreamer\jsonassert\1.5.0\jsonassert-1.5.0.jar;C:\Users\DELL\.m2\repository\com\vaadin\external\google\android-json\0.0.20131108.vaadin1\android-json-0.0.20131108.vaadin1.jar;C:\Users\DELL\.m2\repository\org\springframework\spring-core\5.3.6\spring-core-5.3.6.jar;C:\Users\DELL\.m2\repository\org\springframework\spring-jcl\5.3.6\spring-jcl-5.3.6.jar;C:\Users\DELL\.m2\repository\org\springframework\spring-test\5.3.6\spring-test-5.3.6.jar;C:\Users\DELL\.m2\repository\org\xmlunit\xmlunit-core\2.7.0\xmlunit-core-2.7.0.jar;C:\Users\DELL\.m2\repository\org\apache\camel\camel-test-spring-junit5\3.10.0\camel-test-spring-junit5-3.10.0.jar;C:\Users\DELL\.m2\repository\org\apache\camel\camel-test-junit5\3.10.0\camel-test-junit5-3.10.0.jar;C:\Users\DELL\.m2\repository\org\apache\camel\camel-core-languages\3.10.0\camel-core-languages-3.10.0.jar;C:\Users\DELL\.m2\repository\org\apache\camel\camel-spring-xml\3.10.0\camel-spring-xml-3.10.0.jar;C:\Users\DELL\.m2\repository\org\apache\camel\camel-xml-jaxb\3.10.0\camel-xml-jaxb-3.10.0.jar;C:\Users\DELL\.m2\repository\com\sun\xml\bind\jaxb-core\2.3.0\jaxb-core-2.3.0.jar;C:\Users\DELL\.m2\repository\com\sun\xml\bind\jaxb-impl\2.3.3\jaxb-impl-2.3.3.jar;C:\Users\DELL\.m2\repository\com\sun\activation\jakarta.activation\1.2.2\jakarta.activation-1.2.2.jar;C:\Users\DELL\.m2\repository\org\apache\camel\camel-core-xml\3.10.0\camel-core-xml-3.10.0.jar;"/>
    <property name="sun.cpu.endian" value="little"/>
    <property name="user.home" value="C:\Users\DELL"/>
    <property name="user.language" value="en"/>
    <property name="java.specification.vendor" value="Oracle Corporation"/>
    <property name="java.home" value="C:\Program Files\Java\jdk1.8.0_291\jre"/>
    <property name="basedir" value="E:\Maven_Paytm_Project\Electronics\Electronics"/>
    <property name="file.separator" value="\"/>
    <property name="line.separator" value="&#10;"/>
    <property name="java.vm.specification.vendor" value="Oracle Corporation"/>
    <property name="java.specification.name" value="Java Platform API Specification"/>
    <property name="FILE_LOG_CHARSET" value="windows-1252"/>
    <property name="java.awt.graphicsenv" value="sun.awt.Win32GraphicsEnvironment"/>
    <property name="java.awt.headless" value="true"/>
    <property name="surefire.real.class.path" value="C:\Users\DELL\AppData\Local\Temp\surefire4425234949286264378\surefirebooter1074533870234911136.jar"/>
    <property name="sun.boot.class.path" value="C:\Program Files\Java\jdk1.8.0_291\jre\lib\resources.jar;C:\Program Files\Java\jdk1.8.0_291\jre\lib\rt.jar;C:\Program Files\Java\jdk1.8.0_291\jre\lib\sunrsasign.jar;C:\Program Files\Java\jdk1.8.0_291\jre\lib\jsse.jar;C:\Program Files\Java\jdk1.8.0_291\jre\lib\jce.jar;C:\Program Files\Java\jdk1.8.0_291\jre\lib\charsets.jar;C:\Program Files\Java\jdk1.8.0_291\jre\lib\jfr.jar;C:\Program Files\Java\jdk1.8.0_291\jre\classes"/>
    <property name="user.script" value=""/>
    <property name="sun.management.compiler" value="HotSpot 64-Bit Tiered Compilers"/>
    <property name="java.runtime.version" value="1.8.0_291-b10"/>
    <property name="user.name" value="DELL"/>
    <property name="path.separator" value=";"/>
    <property name="os.version" value="6.1"/>
    <property name="java.endorsed.dirs" value="C:\Program Files\Java\jdk1.8.0_291\jre\lib\endorsed"/>
    <property name="java.runtime.name" value="Java(TM) SE Runtime Environment"/>
    <property name="file.encoding" value="Cp1252"/>
    <property name="spring.beaninfo.ignore" value="true"/>
    <property name="java.vm.name" value="Java HotSpot(TM) 64-Bit Server VM"/>
    <property name="localRepository" value="C:\Users\DELL\.m2\repository"/>
    <property name="java.vendor.url.bug" value="http://bugreport.sun.com/bugreport/"/>
    <property name="java.io.tmpdir" value="C:\Users\DELL\AppData\Local\Temp\"/>
    <property name="java.version" value="1.8.0_291"/>
    <property name="user.dir" value="E:\Maven_Paytm_Project\Electronics\Electronics"/>
    <property name="os.arch" value="amd64"/>
    <property name="java.vm.specification.name" value="Java Virtual Machine Specification"/>
    <property name="PID" value="6428"/>
    <property name="java.awt.printerjob" value="sun.awt.windows.WPrinterJob"/>
    <property name="sun.os.patch.level" value="Service Pack 1"/>
    <property name="CONSOLE_LOG_CHARSET" value="windows-1252"/>
    <property name="java.library.path" value="C:\Program Files\Java\jdk1.8.0_291\jre\bin;C:\Windows\Sun\Java\bin;C:\Windows\system32;C:\Windows;C:\Program Files\Java\jdk1.8.0_291\bin;C:\Program Files\PuTTY\;E:\DevOps_Tools\Maven\apache-maven-3.8.1\bin;."/>
    <property name="java.vm.info" value="mixed mode"/>
    <property name="java.vendor" value="Oracle Corporation"/>
    <property name="java.vm.version" value="25.291-b10"/>
    <property name="java.ext.dirs" value="C:\Program Files\Java\jdk1.8.0_291\jre\lib\ext;C:\Windows\Sun\Java\lib\ext"/>
    <property name="sun.io.unicode.encoding" value="UnicodeLittle"/>
    <property name="java.class.version" value="52.0"/>
  </properties>
  <testcase name="test" classname="Paytm_Electronics.MySpringBootApplicationTest" time="2.486"/>
</testsuite>